Log file open, 05/09/19 08:43:05
LogWindows: Failed to load 'aqProf.dll' (GetLastError=126)
LogWindows: File 'aqProf.dll' does not exist
LogWindows: Failed to load 'VSPerf140.dll' (GetLastError=126)
LogWindows: File 'VSPerf140.dll' does not exist
LogWindows: Failed to load 'VtuneApi.dll' (GetLastError=126)
LogWindows: File 'VtuneApi.dll' does not exist
LogWindows: Failed to load 'VtuneApi32e.dll' (GetLastError=126)
LogWindows: File 'VtuneApi32e.dll' does not exist
LogInit: Display: Running engine for game: projectlevel
LogPlatformFile: Not using cached read wrapper
LogTaskGraph: Started task graph with 5 named threads and 47 total threads with 3 sets of task threads.
LogStats: Stats thread started at 0.561886
LogD3D11RHI: Loaded GFSDK_Aftermath_Lib.x64.dll
LogICUInternationalization: Display: ICU TimeZone Detection - Raw Offset: +9:00, Platform Override: ''
LogPluginManager: Mounting plugin Paper2D
LogPluginManager: Mounting plugin AISupport
LogPluginManager: Mounting plugin LightPropagationVolume
LogPluginManager: Mounting plugin CLionSourceCodeAccess
LogPluginManager: Mounting plugin CodeLiteSourceCodeAccess
LogPluginManager: Mounting plugin GitSourceControl
LogPluginManager: Mounting plugin KDevelopSourceCodeAccess
LogPluginManager: Mounting plugin NullSourceCodeAccess
LogPluginManager: Mounting plugin PerforceSourceControl
LogPluginManager: Mounting plugin SubversionSourceControl
LogPluginManager: Mounting plugin UObjectPlugin
LogPluginManager: Mounting plugin VisualStudioCodeSourceCodeAccess
LogPluginManager: Mounting plugin VisualStudioSourceCodeAccess
LogPluginManager: Mounting plugin XCodeSourceCodeAccess
LogPluginManager: Mounting plugin AssetManagerEditor
LogPluginManager: Mounting plugin CryptoKeys
LogPluginManager: Mounting plugin DataValidation
LogPluginManager: Mounting plugin FacialAnimation
LogPluginManager: Mounting plugin GameplayTagsEditor
LogPluginManager: Mounting plugin MacGraphicsSwitching
LogPluginManager: Mounting plugin MeshEditor
LogPluginManager: Mounting plugin MobileLauncherProfileWizard
LogPluginManager: Mounting plugin PluginBrowser
LogPluginManager: Mounting plugin SpeedTreeImporter
LogPluginManager: Mounting plugin DatasmithContent
LogPluginManager: Mounting plugin AlembicImporter
LogPluginManager: Mounting plugin AppleImageUtils
LogPluginManager: Mounting plugin AppleVision
LogPluginManager: Mounting plugin BackChannel
LogPluginManager: Mounting plugin CharacterAI
LogPluginManager: Mounting plugin GeometryCache
LogPluginManager: Mounting plugin HTML5Networking
LogPluginManager: Mounting plugin ProxyLODPlugin
LogPluginManager: Mounting plugin MagicLeap
LogPluginManager: Mounting plugin MagicLeapEmulator
LogPluginManager: Mounting plugin MagicLeapMedia
LogPluginManager: Mounting plugin AndroidMedia
LogPluginManager: Mounting plugin AvfMedia
LogPluginManager: Mounting plugin ImgMedia
LogPluginManager: Mounting plugin LinearTimecode
LogPluginManager: Mounting plugin MediaCompositing
LogPluginManager: Mounting plugin MediaPlayerEditor
LogPluginManager: Mounting plugin WmfMedia
LogPluginManager: Mounting plugin TcpMessaging
LogPluginManager: Mounting plugin UdpMessaging
LogPluginManager: Mounting plugin ActorSequence
LogPluginManager: Mounting plugin LevelSequenceEditor
LogPluginManager: Mounting plugin MatineeToLevelSequence
LogPluginManager: Mounting plugin NetcodeUnitTest
LogPluginManager: Mounting plugin NUTUnrealEngine4
LogPluginManager: Mounting plugin OnlineSubsystemGooglePlay
LogPluginManager: Mounting plugin OnlineSubsystemIOS
LogPluginManager: Mounting plugin OnlineSubsystem
LogPluginManager: Mounting plugin OnlineSubsystemNull
LogPluginManager: Mounting plugin OnlineSubsystemUtils
LogPluginManager: Mounting plugin LauncherChunkInstaller
LogPluginManager: Mounting plugin AndroidDeviceProfileSelector
LogPluginManager: Mounting plugin AndroidMoviePlayer
LogPluginManager: Mounting plugin AndroidPermission
LogPluginManager: Mounting plugin AppleMoviePlayer
LogPluginManager: Mounting plugin ArchVisCharacter
LogPluginManager: Mounting plugin AudioCapture
LogPluginManager: Mounting plugin CableComponent
LogPluginManager: Mounting plugin CustomMeshComponent
LogPluginManager: Mounting plugin EditableMesh
LogPluginManager: Mounting plugin ExampleDeviceProfileSelector
LogPluginManager: Mounting plugin GoogleCloudMessaging
LogPluginManager: Mounting plugin ImmediatePhysics
LogPluginManager: Mounting plugin IOSDeviceProfileSelector
LogPluginManager: Mounting plugin LinuxDeviceProfileSelector
LogPluginManager: Mounting plugin LocationServicesBPLibrary
LogPluginManager: Mounting plugin MobilePatchingUtils
LogPluginManager: Mounting plugin OculusVR
LogPluginManager: Plugin shader directory ../../../Engine/Plugins/Runtime/Oculus/OculusVR/Shaders found
LogPluginManager: Mapping shader source directory ../../../Engine/Plugins/Runtime/Oculus/OculusVR/Shaders to virtual directory /Plugin/OculusVR
LogPluginManager: Mounting plugin PhysXVehicles
LogPluginManager: Mounting plugin ProceduralMeshComponent
LogPluginManager: Mounting plugin RuntimePhysXCooking
LogPluginManager: Mounting plugin SteamVR
LogPluginManager: Mounting plugin WindowsMoviePlayer
LogStreaming: Display: Took  0.113s to configure plugins.
LogInit: Using libcurl 7.55.1-DEV
LogInit:  - built for x86_64-pc-win32
LogInit:  - supports SSL with OpenSSL/1.0.2h
LogInit:  - supports HTTP deflate (compression) using libz 1.2.8
LogInit:  - other features:
LogInit:      CURL_VERSION_SSL
LogInit:      CURL_VERSION_LIBZ
LogInit:      CURL_VERSION_IPV6
LogInit:      CURL_VERSION_ASYNCHDNS
LogInit:      CURL_VERSION_LARGEFILE
LogInit:      CURL_VERSION_IDN
LogInit:  CurlRequestOptions (configurable via config and command line):
LogInit:  - bVerifyPeer = false  - Libcurl will NOT verify peer certificate
LogInit:  - bUseHttpProxy = false  - Libcurl will NOT use HTTP proxy
LogInit:  - bDontReuseConnections = false  - Libcurl will reuse connections
LogInit:  - CertBundlePath = nullptr  - Libcurl will use whatever was configured at build time.
LogInit:  - MaxHostConnections = 16  - Libcurl will limit the number of connections to a host
LogInit:  - LocalHostAddr = Default
LogInit:  - BufferSize = 65536
LogInit: WinSock: version 1.1 (2.2), MaxSocks=32767, MaxUdp=65467
LogInit: Build: ++UE4+Release-4.20-CL-4369336
LogInit: Engine Version: 4.20.3-4369336+++UE4+Release-4.20
LogInit: Compatible Engine Version: 4.20.0-4212847+++UE4+Release-4.20
LogInit: Net CL: 4212847
LogInit: OS: Windows 10 (), CPU: AMD Ryzen 7 1700 Eight-Core Processor          , GPU: NVIDIA GeForce GTX 1660
LogInit: Compiled (64-bit): Sep 17 2018 12:26:19
LogInit: Compiled with Visual C++: 19.13.26129.00
LogInit: Build Configuration: Development
LogInit: Branch Name: ++UE4+Release-4.20
LogInit: Command Line: 
LogInit: Base Directory: D:/UnrealEngine/UE_4.20/Engine/Binaries/Win64/
LogInit: Installed Engine Build: 1
LogDevObjectVersion: Number of dev versions registered: 20
LogDevObjectVersion:   Dev-Blueprints (B0D832E4-1F89-4F0D-ACCF-7EB736FD4AA2): 10
LogDevObjectVersion:   Dev-Build (E1C64328-A22C-4D53-A36C-8E866417BD8C): 0
LogDevObjectVersion:   Dev-Core (375EC13C-06E4-48FB-B500-84F0262A717E): 2
LogDevObjectVersion:   Dev-Editor (E4B068ED-F494-42E9-A231-DA0B2E46BB41): 24
LogDevObjectVersion:   Dev-Framework (CFFC743F-43B0-4480-9391-14DF171D2073): 34
LogDevObjectVersion:   Dev-Mobile (B02B49B5-BB20-44E9-A304-32B752E40360): 2
LogDevObjectVersion:   Dev-Networking (A4E4105C-59A1-49B5-A7C5-40C4547EDFEE): 0
LogDevObjectVersion:   Dev-Online (39C831C9-5AE6-47DC-9A44-9C173E1C8E7C): 0
LogDevObjectVersion:   Dev-Physics (78F01B33-EBEA-4F98-B9B4-84EACCB95AA2): 0
LogDevObjectVersion:   Dev-Platform (6631380F-2D4D-43E0-8009-CF276956A95A): 0
LogDevObjectVersion:   Dev-Rendering (12F88B9F-8875-4AFC-A67C-D90C383ABD29): 26
LogDevObjectVersion:   Dev-Sequencer (7B5AE74C-D270-4C10-A958-57980B212A5A): 9
LogDevObjectVersion:   Dev-VR (D7296918-1DD6-4BDD-9DE2-64A83CC13884): 2
LogDevObjectVersion:   Dev-LoadTimes (C2A15278-BFE7-4AFE-6C17-90FF531DF755): 1
LogDevObjectVersion:   Private-Geometry (6EACA3D4-40EC-4CC1-B786-8BED09428FC5): 3
LogDevObjectVersion:   Dev-AnimPhys (29E575DD-E0A3-4627-9D10-D276232CDCEA): 17
LogDevObjectVersion:   Dev-ReflectionCapture (6B266CEC-1EC7-4B8F-A30B-E4D90942FC07): 1
LogDevObjectVersion:   Dev-Automation (0DF73D61-A23F-47EA-B727-89E90C41499A): 1
LogDevObjectVersion:   FortniteMain (601D1886-AC64-4F84-AA16-D3DE0DEAC7D6): 12
LogDevObjectVersion:   Dev-Enterprise (9DFFBCD6-494F-0158-E221-12823C92A888): 1
LogStreaming: Display: Took  0.000s to delete old logs.
LogInit: Presizing for max 8388607 objects, including 0 objects not considered by GC, pre-allocating 0 bytes for permanent pool.
LogInit: Object subsystem initialized
[2019.05.08-23.43.06:169][  0]LogInit: Selected Device Profile: [Windows]
[2019.05.08-23.43.06:169][  0]LogInit: Applying CVar settings loaded from the selected device profile: [Windows]
[2019.05.08-23.43.06:190][  0]LogHAL: Display: Platform has ~ 8 GB [8536862720 / 8589934592 / 8], which maps to Default [LargestMinGB=32, LargerMinGB=12, DefaultMinGB=8, SmallerMinGB=6, SmallestMinGB=0)
[2019.05.08-23.43.06:190][  0]LogInit: Setting Device Profile CVar: [[r.Vulkan.UseRealUBs:1]]
[2019.05.08-23.43.06:190][  0]LogInit: Going up to parent DeviceProfile []
[2019.05.08-23.43.06:191][  0]LogInit: Computer: DESKTOP-BQQ6FV2
[2019.05.08-23.43.06:191][  0]LogInit: User: 김민태
[2019.05.08-23.43.06:191][  0]LogInit: CPU Page size=4096, Cores=8
[2019.05.08-23.43.06:191][  0]LogInit: High frequency timer resolution =3.125001 MHz
[2019.05.08-23.43.06:191][  0]LogMemory: Memory total: Physical=8.0GB (8GB approx)
[2019.05.08-23.43.06:191][  0]LogMemory: Platform Memory Stats for Windows
[2019.05.08-23.43.06:191][  0]LogMemory: Process Physical Memory: 101.66 MB used, 101.66 MB peak
[2019.05.08-23.43.06:191][  0]LogMemory: Process Virtual Memory: 91.08 MB used, 91.08 MB peak
[2019.05.08-23.43.06:191][  0]LogMemory: Physical Memory: 4349.32 MB used,  3792.07 MB free, 8141.39 MB total
[2019.05.08-23.43.06:191][  0]LogMemory: Virtual Memory: 4673.58 MB used,  3792.07 MB free, 134217728.00 MB total
[2019.05.08-23.43.06:214][  0]LogInit: Using OS detected language (ko-KR).
[2019.05.08-23.43.06:214][  0]LogInit: Using OS detected locale (ko-KR).
[2019.05.08-23.43.06:215][  0]LogTextLocalizationManager: No specific localization for 'ko-KR' exists, so the 'ko' localization will be used.
[2019.05.08-23.43.06:637][  0]LogStreaming: Display: Took  0.423s to InitEngineTextLocalization.
[2019.05.08-23.43.06:637][  0]LogInit: Setting process to per monitor DPI aware
[2019.05.08-23.43.06:703][  0]LogSlate: New Slate User Created.  User Index 0, Is Virtual User: 0
[2019.05.08-23.43.06:703][  0]LogSlate: Slate User Registered.  User Index 0, Is Virtual User: 0
[2019.05.08-23.43.06:985][  0]LogHMD: Failed to initialize OpenVR with code 110
[2019.05.08-23.43.06:985][  0]LogD3D11RHI: D3D11 adapters:
[2019.05.08-23.43.07:081][  0]LogD3D11RHI:    0. 'NVIDIA GeForce GTX 1660' (Feature Level 11_0)
[2019.05.08-23.43.07:081][  0]LogD3D11RHI:       5991/0/4070 MB DedicatedVideo/DedicatedSystem/SharedSystem, Outputs:2, VendorId:0x10de
[2019.05.08-23.43.07:084][  0]LogD3D11RHI:    1. 'Microsoft Basic Render Driver' (Feature Level 11_0)
[2019.05.08-23.43.07:084][  0]LogD3D11RHI:       0/0/4070 MB DedicatedVideo/DedicatedSystem/SharedSystem, Outputs:0, VendorId:0x1414
[2019.05.08-23.43.07:084][  0]LogD3D11RHI: Chosen D3D11 Adapter: 0
[2019.05.08-23.43.07:094][  0]LogD3D11RHI: Creating new Direct3DDevice
[2019.05.08-23.43.07:094][  0]LogD3D11RHI:     GPU DeviceId: 0x2184 (for the marketing name, search the web for "GPU Device Id")
[2019.05.08-23.43.07:094][  0]LogWindows: EnumDisplayDevices:
[2019.05.08-23.43.07:095][  0]LogWindows:    0. 'NVIDIA GeForce GTX 1660' (P:1 D:1)
[2019.05.08-23.43.07:095][  0]LogWindows:    1. 'NVIDIA GeForce GTX 1660' (P:0 D:1)
[2019.05.08-23.43.07:096][  0]LogWindows:    2. 'NVIDIA GeForce GTX 1660' (P:0 D:0)
[2019.05.08-23.43.07:097][  0]LogWindows:    3. 'NVIDIA GeForce GTX 1660' (P:0 D:0)
[2019.05.08-23.43.07:097][  0]LogWindows: DebugString: FoundDriverCount:4 
[2019.05.08-23.43.07:097][  0]LogD3D11RHI:     Adapter Name: NVIDIA GeForce GTX 1660
[2019.05.08-23.43.07:097][  0]LogD3D11RHI:   Driver Version: 419.67 (internal:25.21.14.1967, unified:419.67)
[2019.05.08-23.43.07:097][  0]LogD3D11RHI:      Driver Date: 3-17-2019
[2019.05.08-23.43.07:097][  0]LogRHI: Texture pool is 4193 MB (70% of 5991 MB)
[2019.05.08-23.43.07:156][  0]LogD3D11RHI: Async texture creation enabled
[2019.05.08-23.43.07:168][  0]LogD3D11RHI: GPU Timing Frequency: 1000.000000 (Debug: 2 1)
[2019.05.08-23.43.07:217][  0]LogShaderCompilers: Guid format shader working directory is -30 characters bigger than the processId version (../../../../../Documents/Shared-repository/TowerofAngra/Debug/projectlevel/Intermediate/Shaders/WorkingDirectory/3268/).
[2019.05.08-23.43.07:217][  0]LogShaderCompilers: Cleaned the shader compiler working directory 'C:/Users/김민태/AppData/Local/Temp/UnrealShaderWorkingDir/4BA4634949588FF471A55A8CB2079279/'.
[2019.05.08-23.43.07:570][  0]LogTemp: Display: Loaded TP AllDesktopTargetPlatform
[2019.05.08-23.43.07:587][  0]LogTemp: Display: Loaded TP MacClientTargetPlatform
[2019.05.08-23.43.07:604][  0]LogTemp: Display: Loaded TP MacNoEditorTargetPlatform
[2019.05.08-23.43.07:622][  0]LogTemp: Display: Loaded TP MacServerTargetPlatform
[2019.05.08-23.43.07:640][  0]LogTemp: Display: Loaded TP MacTargetPlatform
[2019.05.08-23.43.07:657][  0]LogTemp: Display: Loaded TP WindowsClientTargetPlatform
[2019.05.08-23.43.07:674][  0]LogTemp: Display: Loaded TP WindowsNoEditorTargetPlatform
[2019.05.08-23.43.07:692][  0]LogTemp: Display: Loaded TP WindowsServerTargetPlatform
[2019.05.08-23.43.07:701][  0]LogTemp: Display: Loaded TP WindowsTargetPlatform
[2019.05.08-23.43.07:807][  0]LogTemp: Display: Loaded TP AndroidTargetPlatform
[2019.05.08-23.43.07:807][  0]LogTemp: Display: Loaded TP AndroidTargetPlatform
[2019.05.08-23.43.07:807][  0]LogTemp: Display: Loaded TP AndroidTargetPlatform
[2019.05.08-23.43.07:807][  0]LogTemp: Display: Loaded TP AndroidTargetPlatform
[2019.05.08-23.43.07:807][  0]LogTemp: Display: Loaded TP AndroidTargetPlatform
[2019.05.08-23.43.07:807][  0]LogTemp: Display: Loaded TP AndroidTargetPlatform
[2019.05.08-23.43.07:807][  0]LogTemp: Display: Loaded TP AndroidTargetPlatform
[2019.05.08-23.43.07:807][  0]LogTemp: Display: Loaded TP AndroidTargetPlatform
[2019.05.08-23.43.07:807][  0]LogTemp: Display: Loaded TP AndroidTargetPlatform
[2019.05.08-23.43.07:807][  0]LogTemp: Display: Loaded TP AndroidTargetPlatform
[2019.05.08-23.43.07:807][  0]LogTemp: Display: Loaded TP AndroidTargetPlatform
[2019.05.08-23.43.07:807][  0]LogTemp: Display: Loaded TP AndroidTargetPlatform
[2019.05.08-23.43.07:807][  0]LogTemp: Display: Loaded TP AndroidTargetPlatform
[2019.05.08-23.43.07:807][  0]LogTemp: Display: Loaded TP AndroidTargetPlatform
[2019.05.08-23.43.07:807][  0]LogTemp: Display: Loaded TP AndroidTargetPlatform
[2019.05.08-23.43.07:807][  0]LogTemp: Display: Loaded TP AndroidTargetPlatform
[2019.05.08-23.43.07:807][  0]LogTemp: Display: Loaded TP AndroidTargetPlatform
[2019.05.08-23.43.07:807][  0]LogTemp: Display: Loaded TP AndroidTargetPlatform
[2019.05.08-23.43.07:809][  0]LogTemp: Display: Loaded TP HTML5TargetPlatform
[2019.05.08-23.43.07:878][  0]LogTemp: Display: Loaded TP IOSTargetPlatform
[2019.05.08-23.43.07:878][  0]LogTemp: Display: Loaded TP IOSTargetPlatform
[2019.05.08-23.43.07:910][  0]LogTemp: Display: Loaded TP TVOSTargetPlatform
[2019.05.08-23.43.07:910][  0]LogTemp: Display: Loaded TP TVOSTargetPlatform
[2019.05.08-23.43.07:927][  0]LogTemp: Display: Loaded TP LinuxClientTargetPlatform
[2019.05.08-23.43.07:943][  0]LogTemp: Display: Loaded TP LinuxNoEditorTargetPlatform
[2019.05.08-23.43.07:959][  0]LogTemp: Display: Loaded TP LinuxServerTargetPlatform
[2019.05.08-23.43.07:976][  0]LogTemp: Display: Loaded TP LinuxTargetPlatform
[2019.05.08-23.43.07:987][  0]LogTemp: Display: Loaded TP LuminTargetPlatform
[2019.05.08-23.43.07:987][  0]LogTargetPlatformManager: Display: Building Assets For Windows
[2019.05.08-23.43.08:049][  0]LogXGEController: Cannot use XGE Controller as Incredibuild is not installed on this machine.
[2019.05.08-23.43.08:049][  0]LogShaderCompilers: Cannot use XGE Shader Compiler as Incredibuild is not installed on this machine.
[2019.05.08-23.43.08:049][  0]LogShaderCompilers: Display: Using Local Shader Compiler.
[2019.05.08-23.43.08:831][  0]LogDerivedDataCache: Display: Max Cache Size: 512 MB
[2019.05.08-23.43.08:966][  0]LogDerivedDataCache: Loaded boot cache 0.13s 165MB C:/Users/김민태/AppData/Local/UnrealEngine/4.20/DerivedDataCache/Boot.ddc.
[2019.05.08-23.43.08:967][  0]LogDerivedDataCache: Display: Loaded Boot cache: C:/Users/김민태/AppData/Local/UnrealEngine/4.20/DerivedDataCache/Boot.ddc
[2019.05.08-23.43.08:967][  0]LogDerivedDataCache: FDerivedDataBackendGraph:  Pak pak cache file ../../../../../Documents/Shared-repository/TowerofAngra/Debug/projectlevel/DerivedDataCache/DDC.ddp not found, will not use a pak cache.
[2019.05.08-23.43.08:967][  0]LogDerivedDataCache: Unable to find inner node Pak for hierarchical cache Hierarchy.
[2019.05.08-23.43.08:967][  0]LogDerivedDataCache: FDerivedDataBackendGraph:  CompressedPak pak cache file ../../../../../Documents/Shared-repository/TowerofAngra/Debug/projectlevel/DerivedDataCache/Compressed.ddp not found, will not use a pak cache.
[2019.05.08-23.43.08:967][  0]LogDerivedDataCache: Unable to find inner node CompressedPak for hierarchical cache Hierarchy.
[2019.05.08-23.43.08:987][  0]LogDerivedDataCache: Display: Pak cache opened for reading ../../../Engine/DerivedDataCache/Compressed.ddp.
[2019.05.08-23.43.09:000][  0]LogDerivedDataCache: Using Local data cache path C:/Users/김민태/AppData/Local/UnrealEngine/Common/DerivedDataCache: Writable
[2019.05.08-23.43.09:000][  0]LogDerivedDataCache: Shared data cache path not found in *engine.ini, will not use an Shared cache.
[2019.05.08-23.43.09:000][  0]LogDerivedDataCache: Unable to find inner node Shared for hierarchical cache Hierarchy.
[2019.05.08-23.43.09:022][  0]LogMaterial: Verifying Global Shaders for PCD3D_SM5
[2019.05.08-23.43.09:023][  0]LogSlate: Using FreeType 2.6.0
[2019.05.08-23.43.09:024][  0]LogSlate: SlateFontServices - WITH_FREETYPE: 1, WITH_HARFBUZZ: 1
[2019.05.08-23.43.09:108][  0]LogAssetRegistry: FAssetRegistry took 0.0278 seconds to start up
[2019.05.08-23.43.09:500][  0]LogInit: Selected Device Profile: [Windows]
[2019.05.08-23.43.09:645][  0]LogSimplygon: Simplygon DLL not present - disabling.
[2019.05.08-23.43.09:649][  0]LogMeshReduction: Using SimplygonSwarm for distributed automatic mesh merging
[2019.05.08-23.43.09:649][  0]LogMeshReduction: Using ProxyLODMeshReduction for automatic mesh merging
[2019.05.08-23.43.09:649][  0]LogMeshReduction: Using QuadricMeshReduction for automatic static mesh reduction
[2019.05.08-23.43.09:649][  0]LogMeshReduction: No automatic skeletal mesh reduction module available
[2019.05.08-23.43.09:680][  0]LogNetVersion: projectlevel 1.0.0, NetCL: 4212847, EngineNetVer: 5, GameNetVer: 0 (Checksum: 2341334474)
[2019.05.08-23.43.10:371][  0]LogPackageLocalizationCache: Processed 11 localized package path(s) for 2 prioritized culture(s) in 0.169828 seconds
[2019.05.08-23.43.10:380][  0]LogUObjectArray: 38425 objects as part of root set at end of initial load.
[2019.05.08-23.43.10:380][  0]LogUObjectAllocator: 6690864 out of 0 bytes used by permanent object pool.
[2019.05.08-23.43.10:380][  0]LogUObjectArray: CloseDisregardForGC: 0/0 objects in disregard for GC pool
[2019.05.08-23.43.11:389][  0]LogTcpMessaging: Initializing TcpMessaging bridge
[2019.05.08-23.43.11:403][  0]LogUdpMessaging: Initializing bridge on interface 0.0.0.0:0 to multicast group 230.0.0.1:6666.
[2019.05.08-23.43.11:876][  0]LogClass: MainPlayerController!
[2019.05.08-23.43.13:027][  0]LogLinker: Warning: '/Game/so/ch/Heroes/ct/Meshes/Paragon_Proto_Retarget' 파일을 찾을 수 없습니다.
[2019.05.08-23.43.13:027][  0]LogLinker: Warning: ../../../../../Documents/Shared-repository/TowerofAngra/Debug/projectlevel/Content/TowerofAngra/Character/Rinda/Rinda2_Skeleton.uasset 로드중 '/Game/so/ch/Heroes/ct/Meshes/Paragon_Proto_Retarget' 애셋에 대한 파일을 찾을 수 없습니다.
[2019.05.08-23.43.13:027][  0]LoadErrors: Error: /Game/TowerofAngra/Character/Rinda/Rinda2_Skeleton : 애셋에 대한 파일을 찾을 수 없습니다. /Game/so/ch/Heroes/ct/Meshes/Paragon_Proto_Retarget
[2019.05.08-23.43.13:028][  0]LogLinker: Warning: '/Game/so/ch/Heroes/ct/Meshes/Paragon_Proto_Retarget' 파일을 찾을 수 없습니다.
[2019.05.08-23.43.13:028][  0]LogLinker: Warning: ../../../../../Documents/Shared-repository/TowerofAngra/Debug/projectlevel/Content/TowerofAngra/Character/Rinda/Rinda2_Skeleton.uasset 로드중 '/Game/so/ch/Heroes/ct/Meshes/Paragon_Proto_Retarget' 애셋에 대한 파일을 찾을 수 없습니다.
[2019.05.08-23.43.13:028][  0]LoadErrors: Error: /Game/TowerofAngra/Character/Rinda/Rinda2_Skeleton : 애셋에 대한 파일을 찾을 수 없습니다. /Game/so/ch/Heroes/ct/Meshes/Paragon_Proto_Retarget
[2019.05.08-23.43.13:030][  0]LogLinker: Warning: '/Game/so/ch/Heroes/ct/Meshes/Paragon_Proto_Retarget' 파일을 찾을 수 없습니다.
[2019.05.08-23.43.13:030][  0]LoadErrors: 로드에 실패했습니다. /Game/so/ch/Heroes/ct/Meshes/Paragon_Proto_Retarget.Paragon_Proto_Retarget 레퍼런싱한 것: Rinda2_Skeleton
[2019.05.08-23.43.13:030][  0]LogLinker: Warning: NULL 로드중 '/Game/so/ch/Heroes/ct/Meshes/Paragon_Proto_Retarget' 애셋에 대한 파일을 찾을 수 없습니다.
[2019.05.08-23.43.13:030][  0]LoadErrors: 로드에 실패했습니다. /Game/so/ch/Heroes/ct/Meshes/Paragon_Proto_Retarget.Paragon_Proto_Retarget 레퍼런싱한 것: Rinda2_Skeleton
[2019.05.08-23.43.16:327][  0]LogClass: MainPlayerController!
[2019.05.08-23.43.16:364][  0]LogClass: MainPlayerController!
[2019.05.08-23.43.16:374][  0]LogClass: Warning: Enum '/Game/UI_Kit/Blueprints/Objectives/E_ObjectiveType.E_ObjectiveType' was upgraded to use FText to store its display name data. Please re-save this asset to avoid issues with localization and determinstic cooking.
[2019.05.08-23.43.16:394][  0]LogClass: Warning: Enum '/Game/UI_Kit/Widgets/Window/ResizeType.ResizeType' was upgraded to use FText to store its display name data. Please re-save this asset to avoid issues with localization and determinstic cooking.
[2019.05.08-23.43.16:473][  0]LogBlueprint: Warning: [Compiler MainCharAnim] JumpStart -> JumpApex  will never be taken, please connect something to  Can Enter Transition
[2019.05.08-23.43.16:473][  0]LogBlueprint: Warning: [Compiler MainCharAnim] JumpApex -> JumpEnd  will never be taken, please connect something to  Can Enter Transition
[2019.05.08-23.43.16:474][  0]LogBlueprint: Warning: [Compiler MainCharAnim] jump land -> idle  will never be taken, please connect something to  Can Enter Transition
[2019.05.08-23.43.16:716][  0]LogBlueprint: Warning: [Compiler MinimapCapture] SceneCapture.MeshComp : 블루프린트에서 보이도록 (BlueprintReadOnly 또는  BlueprintReadWrite) 되어있지 않습니다. 마크업을 수정하거나 접근을 중단하지 않으면, 앞으로 릴리즈에서 오류가 발생할 것입니다.  MeshComp 구하기
[2019.05.08-23.43.16:747][  0]LogBlueprint: Warning: [Compiler PrototypeUI_Controller] Set Input Mode Game And UI (Deprecated)  : 폐기되었습니다. Use the new version of Set Input Mode Game And UI instead
[2019.05.08-23.43.17:116][  0]LogBlueprint: Warning: [Compiler MainCharAnim] [0013.20] MainCharAnim 컴파일에 성공했습니다만, 경고가 3 회 있습니다. [소요시간 779 ms] (/Game/TowerofAngra/Character/Rinda/RindaAnim/MainCharAnim.MainCharAnim)
[2019.05.08-23.43.17:116][  0]LogBlueprint: Warning: [Compiler MinimapCapture] [0013.20] MinimapCapture 컴파일에 성공했습니다만, 경고가 1 회 있습니다. [소요시간 780 ms] (/Game/UI_Kit/Blueprints/MinimapCapture.MinimapCapture)
[2019.05.08-23.43.17:116][  0]LogBlueprint: Warning: [Compiler PrototypeUI_Controller] [0013.20] PrototypeUI_Controller 컴파일에 성공했습니다만, 경고가 1 회 있습니다. [소요시간 779 ms] (/Game/UI_Kit/Blueprints/PrototypeUI_Controller.PrototypeUI_Controller)
[2019.05.08-23.43.17:487][  0]LogMovieScene: Warning: Legacy data detected in sequence '/Game/UI_Kit/Widgets/Objectives/W_Objective (Unknown sequence)'. This will cause deterministic cooking issues. Please resave the package.
[2019.05.08-23.43.17:487][  0]LogMovieScene: Warning: Legacy data detected in sequence '/Game/UI_Kit/Widgets/Objectives/W_Objective (Complete Objective)'. This will cause deterministic cooking issues. Please resave the package.
[2019.05.08-23.43.17:487][  0]LogMovieScene: Warning: Legacy data detected in sequence '/Game/UI_Kit/Widgets/Objectives/W_Objective (Unknown sequence)'. This will cause deterministic cooking issues. Please resave the package.
[2019.05.08-23.43.17:487][  0]LogMovieScene: Warning: Legacy data detected in sequence '/Game/UI_Kit/Widgets/Objectives/W_Objective (Fade Border)'. This will cause deterministic cooking issues. Please resave the package.
[2019.05.08-23.43.17:487][  0]LogMovieScene: Warning: Legacy data detected in sequence '/Game/UI_Kit/Widgets/Objectives/W_Objective (Unknown sequence)'. This will cause deterministic cooking issues. Please resave the package.
[2019.05.08-23.43.17:487][  0]LogMovieScene: Warning: Legacy data detected in sequence '/Game/UI_Kit/Widgets/Objectives/W_Objective (New Objective)'. This will cause deterministic cooking issues. Please resave the package.
[2019.05.08-23.43.17:487][  0]LogMovieScene: Warning: Legacy data detected in sequence '/Engine/Transient (Unknown sequence)'. This will cause deterministic cooking issues. Please resave the package.
[2019.05.08-23.43.17:487][  0]LogMovieScene: Warning: Legacy data detected in sequence '/Engine/Transient (Complete Objective_INST)'. This will cause deterministic cooking issues. Please resave the package.
[2019.05.08-23.43.17:487][  0]LogMovieScene: Warning: Legacy data detected in sequence '/Engine/Transient (Unknown sequence)'. This will cause deterministic cooking issues. Please resave the package.
[2019.05.08-23.43.17:487][  0]LogMovieScene: Warning: Legacy data detected in sequence '/Engine/Transient (Fade Border_INST)'. This will cause deterministic cooking issues. Please resave the package.
[2019.05.08-23.43.17:487][  0]LogMovieScene: Warning: Legacy data detected in sequence '/Engine/Transient (Unknown sequence)'. This will cause deterministic cooking issues. Please resave the package.
[2019.05.08-23.43.17:487][  0]LogMovieScene: Warning: Legacy data detected in sequence '/Engine/Transient (New Objective_INST)'. This will cause deterministic cooking issues. Please resave the package.
[2019.05.08-23.43.17:487][  0]LogMovieScene: Warning: Legacy data detected in sequence '/Game/UI_Kit/Widgets/Objectives/W_Objective (Complete Objective)'. This will cause deterministic cooking issues. Please resave the package.
[2019.05.08-23.43.17:487][  0]LogMovieScene: Warning: Legacy data detected in sequence '/Game/UI_Kit/Widgets/Objectives/W_Objective (Complete Objective)'. This will cause deterministic cooking issues. Please resave the package.
[2019.05.08-23.43.17:487][  0]LogMovieScene: Warning: Legacy data detected in sequence '/Game/UI_Kit/Widgets/Objectives/W_Objective (New Objective)'. This will cause deterministic cooking issues. Please resave the package.
[2019.05.08-23.43.17:487][  0]LogMovieScene: Warning: Legacy data detected in sequence '/Game/UI_Kit/Widgets/Objectives/W_Objective (New Objective)'. This will cause deterministic cooking issues. Please resave the package.
[2019.05.08-23.43.17:487][  0]LogMovieScene: Warning: Legacy data detected in sequence '/Engine/Transient (Complete Objective_INST)'. This will cause deterministic cooking issues. Please resave the package.
[2019.05.08-23.43.17:487][  0]LogMovieScene: Warning: Legacy data detected in sequence '/Engine/Transient (Complete Objective_INST)'. This will cause deterministic cooking issues. Please resave the package.
[2019.05.08-23.43.17:487][  0]LogMovieScene: Warning: Legacy data detected in sequence '/Engine/Transient (New Objective_INST)'. This will cause deterministic cooking issues. Please resave the package.
[2019.05.08-23.43.17:487][  0]LogMovieScene: Warning: Legacy data detected in sequence '/Engine/Transient (New Objective_INST)'. This will cause deterministic cooking issues. Please resave the package.
[2019.05.08-23.43.17:487][  0]LogMovieScene: Warning: Legacy data detected in sequence '/Game/UI_Kit/Widgets/Objectives/W_Objective (Complete Objective)'. This will cause deterministic cooking issues. Please resave the package.
[2019.05.08-23.43.17:487][  0]LogMovieScene: Warning: Legacy data detected in sequence '/Game/UI_Kit/Widgets/Objectives/W_Objective (Complete Objective)'. This will cause deterministic cooking issues. Please resave the package.
[2019.05.08-23.43.17:487][  0]LogMovieScene: Warning: Legacy data detected in sequence '/Game/UI_Kit/Widgets/Objectives/W_Objective (New Objective)'. This will cause deterministic cooking issues. Please resave the package.
[2019.05.08-23.43.17:487][  0]LogMovieScene: Warning: Legacy data detected in sequence '/Game/UI_Kit/Widgets/Objectives/W_Objective (New Objective)'. This will cause deterministic cooking issues. Please resave the package.
[2019.05.08-23.43.17:487][  0]LogMovieScene: Warning: Legacy data detected in sequence '/Engine/Transient (Complete Objective_INST)'. This will cause deterministic cooking issues. Please resave the package.
[2019.05.08-23.43.17:487][  0]LogMovieScene: Warning: Legacy data detected in sequence '/Engine/Transient (Complete Objective_INST)'. This will cause deterministic cooking issues. Please resave the package.
[2019.05.08-23.43.17:488][  0]LogMovieScene: Warning: Legacy data detected in sequence '/Engine/Transient (New Objective_INST)'. This will cause deterministic cooking issues. Please resave the package.
[2019.05.08-23.43.17:488][  0]LogMovieScene: Warning: Legacy data detected in sequence '/Engine/Transient (New Objective_INST)'. This will cause deterministic cooking issues. Please resave the package.
[2019.05.08-23.43.17:488][  0]LogMovieScene: Warning: Legacy data detected in sequence '/Game/UI_Kit/Widgets/Objectives/W_Objective (Complete Objective)'. This will cause deterministic cooking issues. Please resave the package.
[2019.05.08-23.43.17:488][  0]LogMovieScene: Warning: Legacy data detected in sequence '/Game/UI_Kit/Widgets/Objectives/W_Objective (Complete Objective)'. This will cause deterministic cooking issues. Please resave the package.
[2019.05.08-23.43.17:488][  0]LogMovieScene: Warning: Legacy data detected in sequence '/Game/UI_Kit/Widgets/Objectives/W_Objective (Complete Objective)'. This will cause deterministic cooking issues. Please resave the package.
[2019.05.08-23.43.17:488][  0]LogMovieScene: Warning: Legacy data detected in sequence '/Game/UI_Kit/Widgets/Objectives/W_Objective (Complete Objective)'. This will cause deterministic cooking issues. Please resave the package.
[2019.05.08-23.43.17:488][  0]LogMovieScene: Warning: Legacy data detected in sequence '/Game/UI_Kit/Widgets/Objectives/W_Objective (New Objective)'. This will cause deterministic cooking issues. Please resave the package.
[2019.05.08-23.43.17:488][  0]LogMovieScene: Warning: Legacy data detected in sequence '/Game/UI_Kit/Widgets/Objectives/W_Objective (New Objective)'. This will cause deterministic cooking issues. Please resave the package.
[2019.05.08-23.43.17:488][  0]LogMovieScene: Warning: Legacy data detected in sequence '/Game/UI_Kit/Widgets/Objectives/W_Objective (New Objective)'. This will cause deterministic cooking issues. Please resave the package.
[2019.05.08-23.43.17:488][  0]LogMovieScene: Warning: Legacy data detected in sequence '/Game/UI_Kit/Widgets/Objectives/W_Objective (New Objective)'. This will cause deterministic cooking issues. Please resave the package.
[2019.05.08-23.43.17:488][  0]LogMovieScene: Warning: Legacy data detected in sequence '/Game/UI_Kit/Widgets/Objectives/W_Objective (New Objective)'. This will cause deterministic cooking issues. Please resave the package.
[2019.05.08-23.43.17:488][  0]LogMovieScene: Warning: Legacy data detected in sequence '/Engine/Transient (Complete Objective_INST)'. This will cause deterministic cooking issues. Please resave the package.
[2019.05.08-23.43.17:488][  0]LogMovieScene: Warning: Legacy data detected in sequence '/Engine/Transient (Complete Objective_INST)'. This will cause deterministic cooking issues. Please resave the package.
[2019.05.08-23.43.17:488][  0]LogMovieScene: Warning: Legacy data detected in sequence '/Engine/Transient (Complete Objective_INST)'. This will cause deterministic cooking issues. Please resave the package.
[2019.05.08-23.43.17:488][  0]LogMovieScene: Warning: Legacy data detected in sequence '/Engine/Transient (Complete Objective_INST)'. This will cause deterministic cooking issues. Please resave the package.
[2019.05.08-23.43.17:488][  0]LogMovieScene: Warning: Legacy data detected in sequence '/Engine/Transient (New Objective_INST)'. This will cause deterministic cooking issues. Please resave the package.
[2019.05.08-23.43.17:488][  0]LogMovieScene: Warning: Legacy data detected in sequence '/Engine/Transient (New Objective_INST)'. This will cause deterministic cooking issues. Please resave the package.
[2019.05.08-23.43.17:488][  0]LogMovieScene: Warning: Legacy data detected in sequence '/Engine/Transient (New Objective_INST)'. This will cause deterministic cooking issues. Please resave the package.
[2019.05.08-23.43.17:488][  0]LogMovieScene: Warning: Legacy data detected in sequence '/Engine/Transient (New Objective_INST)'. This will cause deterministic cooking issues. Please resave the package.
[2019.05.08-23.43.17:488][  0]LogMovieScene: Warning: Legacy data detected in sequence '/Engine/Transient (New Objective_INST)'. This will cause deterministic cooking issues. Please resave the package.
[2019.05.08-23.43.17:488][  0]LogMovieScene: Warning: Legacy data detected in sequence '/Game/UI_Kit/Widgets/Objectives/W_Objective (Complete Objective)'. This will cause deterministic cooking issues. Please resave the package.
[2019.05.08-23.43.17:488][  0]LogMovieScene: Warning: Legacy data detected in sequence '/Game/UI_Kit/Widgets/Objectives/W_Objective (Complete Objective)'. This will cause deterministic cooking issues. Please resave the package.
[2019.05.08-23.43.17:488][  0]LogMovieScene: Warning: Legacy data detected in sequence '/Game/UI_Kit/Widgets/Objectives/W_Objective (Complete Objective)'. This will cause deterministic cooking issues. Please resave the package.
[2019.05.08-23.43.17:488][  0]LogMovieScene: Warning: Legacy data detected in sequence '/Game/UI_Kit/Widgets/Objectives/W_Objective (Complete Objective)'. This will cause deterministic cooking issues. Please resave the package.
[2019.05.08-23.43.17:488][  0]LogMovieScene: Warning: Legacy data detected in sequence '/Game/UI_Kit/Widgets/Objectives/W_Objective (New Objective)'. This will cause deterministic cooking issues. Please resave the package.
[2019.05.08-23.43.17:488][  0]LogMovieScene: Warning: Legacy data detected in sequence '/Game/UI_Kit/Widgets/Objectives/W_Objective (New Objective)'. This will cause deterministic cooking issues. Please resave the package.
[2019.05.08-23.43.17:488][  0]LogMovieScene: Warning: Legacy data detected in sequence '/Game/UI_Kit/Widgets/Objectives/W_Objective (New Objective)'. This will cause deterministic cooking issues. Please resave the package.
[2019.05.08-23.43.17:488][  0]LogMovieScene: Warning: Legacy data detected in sequence '/Game/UI_Kit/Widgets/Objectives/W_Objective (New Objective)'. This will cause deterministic cooking issues. Please resave the package.
[2019.05.08-23.43.17:488][  0]LogMovieScene: Warning: Legacy data detected in sequence '/Game/UI_Kit/Widgets/Objectives/W_Objective (New Objective)'. This will cause deterministic cooking issues. Please resave the package.
[2019.05.08-23.43.17:488][  0]LogMovieScene: Warning: Legacy data detected in sequence '/Engine/Transient (Complete Objective_INST)'. This will cause deterministic cooking issues. Please resave the package.
[2019.05.08-23.43.17:488][  0]LogMovieScene: Warning: Legacy data detected in sequence '/Engine/Transient (Complete Objective_INST)'. This will cause deterministic cooking issues. Please resave the package.
[2019.05.08-23.43.17:488][  0]LogMovieScene: Warning: Legacy data detected in sequence '/Engine/Transient (Complete Objective_INST)'. This will cause deterministic cooking issues. Please resave the package.
[2019.05.08-23.43.17:488][  0]LogMovieScene: Warning: Legacy data detected in sequence '/Engine/Transient (Complete Objective_INST)'. This will cause deterministic cooking issues. Please resave the package.
[2019.05.08-23.43.17:488][  0]LogMovieScene: Warning: Legacy data detected in sequence '/Engine/Transient (New Objective_INST)'. This will cause deterministic cooking issues. Please resave the package.
[2019.05.08-23.43.17:488][  0]LogMovieScene: Warning: Legacy data detected in sequence '/Engine/Transient (New Objective_INST)'. This will cause deterministic cooking issues. Please resave the package.
[2019.05.08-23.43.17:488][  0]LogMovieScene: Warning: Legacy data detected in sequence '/Engine/Transient (New Objective_INST)'. This will cause deterministic cooking issues. Please resave the package.
[2019.05.08-23.43.17:488][  0]LogMovieScene: Warning: Legacy data detected in sequence '/Engine/Transient (New Objective_INST)'. This will cause deterministic cooking issues. Please resave the package.
[2019.05.08-23.43.17:488][  0]LogMovieScene: Warning: Legacy data detected in sequence '/Engine/Transient (New Objective_INST)'. This will cause deterministic cooking issues. Please resave the package.
[2019.05.08-23.43.17:489][  0]LogMovieScene: Warning: Legacy data detected in sequence '/Game/UI_Kit/Widgets/Objectives/W_Objective (Complete Objective)'. This will cause deterministic cooking issues. Please resave the package.
[2019.05.08-23.43.17:489][  0]LogMovieScene: Warning: Legacy data detected in sequence '/Engine/Transient (Complete Objective_INST)'. This will cause deterministic cooking issues. Please resave the package.
[2019.05.08-23.43.17:489][  0]LogMovieScene: Warning: Legacy data detected in sequence '/Game/UI_Kit/Widgets/Objectives/W_Objective (Complete Objective)'. This will cause deterministic cooking issues. Please resave the package.
[2019.05.08-23.43.17:489][  0]LogMovieScene: Warning: Legacy data detected in sequence '/Engine/Transient (Complete Objective_INST)'. This will cause deterministic cooking issues. Please resave the package.
[2019.05.08-23.43.17:682][  0]LogScript: Warning: Script Msg: No world was found for object (/Script/projectlevel.Default__projectlevelGameMode) passed in to UEngine::GetWorldFromContextObject().
[2019.05.08-23.43.18:602][  0]SourceControl: 소스 컨트롤이 꺼졌습니다.
[2019.05.08-23.43.18:603][  0]SourceControl: 소스 컨트롤이 꺼졌습니다.
[2019.05.08-23.43.18:604][  0]SourceControl: 소스 컨트롤이 꺼졌습니다.
[2019.05.08-23.43.18:605][  0]SourceControl: 소스 컨트롤이 꺼졌습니다.
[2019.05.08-23.43.18:810][  0]LogAndroidPermission: UAndroidPermissionCallbackProxy::GetInstance
[2019.05.08-23.43.18:957][  0]LogOcInput: OculusInput pre-init called
[2019.05.08-23.43.19:023][  0]LogEngine: Initializing Engine...
[2019.05.08-23.43.19:024][  0]LogHMD: Failed to initialize OpenVR with code 110
[2019.05.08-23.43.19:025][  0]LogStats: UGameplayTagsManager::ConstructGameplayTagTree: ImportINI prefixes -  0.000 s
[2019.05.08-23.43.19:025][  0]LogStats: UGameplayTagsManager::ConstructGameplayTagTree: Construct from data asset -  0.000 s
[2019.05.08-23.43.19:026][  0]LogStats: UGameplayTagsManager::ConstructGameplayTagTree: ImportINI -  0.000 s
[2019.05.08-23.43.19:026][  0]LogStats: UGameplayTagsManager::ConstructGameplayTagTree: GameplayTagTreeChangedEvent.Broadcast -  0.000 s
[2019.05.08-23.43.19:263][  0]LogInit: Initializing FReadOnlyCVARCache
[2019.05.08-23.43.19:279][  0]LogAIModule: Creating AISystem for world Untitled
[2019.05.08-23.43.19:409][  0]LogInit: XAudio2 using '스피커(5- USB Audio Device)' : 2 channels at 48 kHz using 16 bits per sample (channel mask 0x3)
[2019.05.08-23.43.19:496][  0]LogInit: FAudioDevice initialized.
[2019.05.08-23.43.19:497][  0]LogNetVersion: Set ProjectVersion to 1.0.0.0. Version Checksum will be recalculated on next use.
[2019.05.08-23.43.19:689][  0]LogDerivedDataCache: Saved boot cache 0.19s 166MB C:/Users/김민태/AppData/Local/UnrealEngine/4.20/DerivedDataCache/Boot.ddc.
[2019.05.08-23.43.19:713][  0]LogInit: Texture streaming: Enabled
[2019.05.08-23.43.19:739][  0]LogEngineSessionManager: EngineSessionManager initialized
[2019.05.08-23.43.19:756][  0]LogInit: Transaction tracking system initialized
[2019.05.08-23.43.19:788][  0]BlueprintLog: New page: 에디터 로드
[2019.05.08-23.43.20:418][  0]LocalizationService: 현지화 서비스가 비활성화되었습니다.
[2019.05.08-23.43.20:711][  0]LogCook: Display: Max memory allowance for cook 16384mb min free memory 0mb
[2019.05.08-23.43.20:711][  0]LogCook: Display: Mobile HDR setting 1
[2019.05.08-23.43.20:711][  0]LogGameplayTags: Display: UGameplayTagsManager::DoneAddingNativeTags. DelegateIsBound: 0
[2019.05.08-23.43.20:711][  0]LogStats: UGameplayTagsManager::ConstructGameplayTagTree: ImportINI prefixes -  0.000 s
[2019.05.08-23.43.20:711][  0]LogStats: UGameplayTagsManager::ConstructGameplayTagTree: Construct from data asset -  0.000 s
[2019.05.08-23.43.20:711][  0]LogStats: UGameplayTagsManager::ConstructGameplayTagTree: ImportINI -  0.000 s
[2019.05.08-23.43.20:711][  0]LogStats: UGameplayTagsManager::ConstructGameplayTagTree: GameplayTagTreeChangedEvent.Broadcast -  0.000 s
[2019.05.08-23.43.20:861][  0]LogFileCache: Scanning file cache for directory 'D:/Documents/Shared-repository/TowerofAngra/Debug/projectlevel/Content/' took 0.05s
[2019.05.08-23.43.20:861][  0]SourceControl: 소스 컨트롤이 꺼졌습니다.
[2019.05.08-23.43.20:861][  0]Cmd: MAP LOAD FILE="../../../../../Documents/Shared-repository/TowerofAngra/Debug/projectlevel/Content/TowerofAngra/Maps/Stage1.umap" TEMPLATE=0 SHOWPROGRESS=1 FEATURELEVEL=3
[2019.05.08-23.43.20:868][  0]LightingResults: New page: 라이팅 빌드
[2019.05.08-23.43.20:870][  0]MapCheck: New page: 맵 체크
[2019.05.08-23.43.20:870][  0]LightingResults: New page: 라이팅 빌드
[2019.05.08-23.43.21:457][  0]LogAIModule: Creating AISystem for world Stage1
[2019.05.08-23.43.21:500][  0]LogStreaming: Display: ULevelStreaming::RequestLevel(/Game/TowerofAngra/Maps/Room1) is flushing async loading
[2019.05.08-23.43.21:500][  0]LogStreaming: Display: Flushing async loaders.
[2019.05.08-23.43.23:450][  0]LogStreaming: Display: ULevelStreaming::RequestLevel(/Game/TowerofAngra/Maps/Room2) is flushing async loading
[2019.05.08-23.43.23:507][  0]LogStreaming: Display: ULevelStreaming::RequestLevel(/Game/TowerofAngra/Maps/Room3) is flushing async loading
[2019.05.08-23.43.23:659][  0]LogStreaming: Display: ULevelStreaming::RequestLevel(/Game/TowerofAngra/Maps/Room4) is flushing async loading
[2019.05.08-23.43.23:728][  0]LogEditorServer: Finished looking for orphan Actors (0.000 secs)
[2019.05.08-23.43.23:784][  0]Cmd: MAP CHECKDEP NOCLEARLOG
[2019.05.08-23.43.23:949][  0]MapCheck: 맵 체크 완료: 오류 0 회, 경고 0 회, 소요 시간 165.669ms.
[2019.05.08-23.43.23:949][  0]LogFileHelpers: Loading map 'Stage1' took 3.088
[2019.05.08-23.43.24:093][  0]LogCollectionManager: Loaded 0 collections in 0.001495 seconds
[2019.05.08-23.43.24:147][  0]LogFileCache: Scanning file cache for directory 'D:/Documents/Shared-repository/TowerofAngra/Debug/projectlevel/Saved/Collections/' took 0.01s
[2019.05.08-23.43.24:147][  0]LogFileCache: Scanning file cache for directory 'D:/Documents/Shared-repository/TowerofAngra/Debug/projectlevel/Content/Developers/김민태/Collections/' took 0.01s
[2019.05.08-23.43.24:147][  0]LogFileCache: Scanning file cache for directory 'D:/Documents/Shared-repository/TowerofAngra/Debug/projectlevel/Content/Collections/' took 0.01s
[2019.05.08-23.43.24:147][  0]LogCollectionManager: Rebuilt the GUID cache for 0 collections in 0.000000 seconds
[2019.05.08-23.43.24:163][  0]LogContentBrowser: Native class hierarchy populated in 0.0156 seconds. Added 2585 classes and 605 folders.
[2019.05.08-23.43.24:172][  0]LogContentBrowser: Native class hierarchy updated for 'WidgetCarousel' in 0.0013 seconds. Added 0 classes and 0 folders.
[2019.05.08-23.43.24:601][  0]LogContentBrowser: Native class hierarchy updated for 'AddContentDialog' in 0.0016 seconds. Added 0 classes and 0 folders.
[2019.05.08-23.43.24:647][  0]LogSlate: Updating window title bar state: overlay mode, drag disabled, window buttons hidden, title bar hidden
[2019.05.08-23.43.24:657][  0]LogSlate: Updating window title bar state: overlay mode, drag disabled, window buttons hidden, title bar hidden
[2019.05.08-23.43.24:667][  0]LogSlate: Updating window title bar state: overlay mode, drag disabled, window buttons hidden, title bar hidden
[2019.05.08-23.43.24:676][  0]LogSlate: Updating window title bar state: overlay mode, drag disabled, window buttons hidden, title bar hidden
[2019.05.08-23.43.24:703][  0]LogContentBrowser: Native class hierarchy updated for 'SceneOutliner' in 0.0015 seconds. Added 1 classes and 2 folders.
[2019.05.08-23.43.24:749][  0]LogContentBrowser: Native class hierarchy updated for 'WorldBrowser' in 0.0015 seconds. Added 2 classes and 3 folders.
[2019.05.08-23.43.24:904][  0]LogSlate: Took 0.000295 seconds to synchronously load lazily loaded font '../../../Engine/Content/Slate/Fonts/Roboto-Regular.ttf' (155K)
[2019.05.08-23.43.24:908][  0]LogSlate: Took 0.002634 seconds to synchronously load lazily loaded font '../../../Engine/Content/Editor/Slate/Fonts/NanumGothic.ttf' (4243K)
[2019.05.08-23.43.24:916][  0]LogSlate: Took 0.006403 seconds to synchronously load lazily loaded font '../../../Engine/Content/Editor/Slate/Fonts/FontAwesome.ttf' (139K)
[2019.05.08-23.43.24:919][  0]LogSlate: Took 0.002397 seconds to synchronously load lazily loaded font '../../../Engine/Content/Editor/Slate/Fonts/NanumGothicBold.ttf' (4188K)
[2019.05.08-23.43.24:919][  0]LogSlate: Took 0.000283 seconds to synchronously load lazily loaded font '../../../Engine/Content/Slate/Fonts/Roboto-Bold.ttf' (160K)
[2019.05.08-23.43.24:938][  0]LogSlate: Took 0.010088 seconds to synchronously load lazily loaded font '../../../Engine/Content/Slate/Fonts/DroidSansMono.ttf' (77K)
[2019.05.08-23.43.24:969][  0]LogSlate: Took 0.016874 seconds to synchronously load lazily loaded font '../../../Engine/Content/Editor/Slate/Fonts/NanumGothicExtraBold.ttf' (4074K)
[2019.05.08-23.43.25:125][  0]LogRenderer: Reallocating scene render targets to support 1028x684 Format 10 NumSamples 1 (Frame:1).
[2019.05.08-23.43.25:323][  0]LogContentBrowser: Native class hierarchy updated for 'HierarchicalLODOutliner' in 0.0014 seconds. Added 0 classes and 0 folders.
[2019.05.08-23.43.25:324][  0]LogLoad: (Engine Initialization) Total time: 21.41 seconds
[2019.05.08-23.43.25:324][  0]LogLoad: (Engine Initialization) Total Blueprint compile time: 0.00 seconds
[2019.05.08-23.43.25:363][  0]LogContentStreaming: Texture pool size now 1000 MB
[2019.05.08-23.43.25:380][  0]LogSlate: FSceneViewport::OnFocusLost() reason 2
[2019.05.08-23.43.25:454][  0]LogSlate: Took 0.007318 seconds to synchronously load lazily loaded font '../../../Engine/Content/Slate/Fonts/Roboto-Light.ttf' (167K)
[2019.05.08-23.43.25:954][  5]LogAssetRegistry: Asset discovery search completed in 16.8688 seconds
[2019.05.08-23.43.25:957][  5]LogCollectionManager: Rebuilt the object cache for 0 collections in 0.000001 seconds (found 0 objects)
[2019.05.08-23.43.25:957][  5]LogCollectionManager: Fixed up redirectors for 0 collections in 0.000314 seconds (updated 0 objects)
